\BOOKMARK [0][-]{section*.3}{Liste des tableaux}{}% 1
\BOOKMARK [0][-]{section*.4}{Table des figures}{}% 2
\BOOKMARK [0][-]{chapter.1}{Introduction}{}% 3
\BOOKMARK [1][-]{section.1.1}{Préambule}{chapter.1}% 4
\BOOKMARK [1][-]{section.1.2}{Cahier des charges de l'application}{chapter.1}% 5
\BOOKMARK [2][-]{subsection.1.2.1}{État des lieux du marché}{section.1.2}% 6
\BOOKMARK [0][-]{chapter.2}{OpenCV \046 Flask}{}% 7
\BOOKMARK [1][-]{section.2.1}{Introduction}{chapter.2}% 8
\BOOKMARK [1][-]{section.2.2}{Fonctionnement général}{chapter.2}% 9
\BOOKMARK [1][-]{section.2.3}{Environnement de développement de l'application test}{chapter.2}% 10
\BOOKMARK [1][-]{section.2.4}{Environnement de production}{chapter.2}% 11
\BOOKMARK [0][-]{chapter.3}{HBBTV}{}% 12
\BOOKMARK [1][-]{section.3.1}{Fonctionnement général}{chapter.3}% 13
\BOOKMARK [2][-]{subsection.3.1.1}{Utilisation, le cas de la Suisse.}{section.3.1}% 14
\BOOKMARK [1][-]{section.3.2}{Environnement de développement}{chapter.3}% 15
\BOOKMARK [2][-]{subsection.3.2.1}{Opera TV Emulator}{section.3.2}% 16
\BOOKMARK [1][-]{section.3.3}{Environnement de production}{chapter.3}% 17
\BOOKMARK [2][-]{subsection.3.3.1}{The Opera hybrid TV option}{section.3.3}% 18
\BOOKMARK [0][-]{chapter.4}{Wowza}{}% 19
\BOOKMARK [1][-]{section.4.1}{Fonctionnement général}{chapter.4}% 20
\BOOKMARK [1][-]{section.4.2}{Environnement de développement de l'application test}{chapter.4}% 21
\BOOKMARK [1][-]{section.4.3}{Environnement de production}{chapter.4}% 22
\BOOKMARK [2][-]{subsection.4.3.1}{The Opera hybrid TV option}{section.4.3}% 23
\BOOKMARK [0][-]{chapter.5}{Produits sur le marché}{}% 24
\BOOKMARK [1][-]{section.5.1}{Fonctionnement général}{chapter.5}% 25
\BOOKMARK [1][-]{section.5.2}{Environnement de développement de l'application test}{chapter.5}% 26
\BOOKMARK [1][-]{section.5.3}{Environnement de production}{chapter.5}% 27
\BOOKMARK [2][-]{subsection.5.3.1}{Linux \046 FFMPEG}{section.5.3}% 28
\BOOKMARK [0][-]{chapter.6}{Conclusion}{}% 29
\BOOKMARK [0][-]{appendix.A}{Annexe A}{}% 30
\BOOKMARK [0][-]{section*.12}{Bibliographie}{}% 31
